Fri Mar 23 2018 09:36:49 GMT-0500 (CDT) - LOG::: | ERROR ᑀ {
	"name": "DupplicateError",
	"message": "DuplicateError: NAME",
	"field": "NAME"
}
Fri Mar 23 2018 09:44:37 GMT-0500 (CDT) - LOG::: | ERROR ᑀ {
	"name": "DupplicateError",
	"message": "DuplicateError: NAME",
	"field": "NAME"
}
Fri Mar 23 2018 09:46:23 GMT-0500 (CDT) - LOG::: | ERROR ᑀ {
	"name": "DupplicateError",
	"message": "DuplicateError: NAME",
	"field": "NAME"
}
Fri Mar 23 2018 09:47:08 GMT-0500 (CDT) - LOG::: | ERROR ᑀ {
	"name": "DupplicateError",
	"message": "DuplicateError: NAME",
	"field": "NAME"
}
Fri Mar 23 2018 09:48:37 GMT-0500 (CDT) - LOG::: | ERROR ᑀ {
	"name": "DupplicateError",
	"message": "DuplicateError: NAME",
	"field": "NAME"
}
Fri Mar 23 2018 09:49:46 GMT-0500 (CDT) - LOG::: | ERROR ᑀ {
	"name": "DupplicateError",
	"message": "DuplicateError: NAME",
	"field": "NAME"
}
Fri Mar 23 2018 09:50:56 GMT-0500 (CDT) - LOG::: | ERROR ᑀ {
	"name": "DupplicateError",
	"message": "DuplicateError: NAME",
	"field": "NAME"
}
Fri Mar 23 2018 09:52:26 GMT-0500 (CDT) - LOG::: | ERROR ᑀ {
	"name": "DupplicateError",
	"message": "DuplicateError: NAME",
	"field": "NAME"
}
Fri Mar 23 2018 09:52:26 GMT-0500 (CDT) - LOG::: | ERROR ᑀ {
	"code": "ER_BAD_FIELD_ERROR",
	"errno": 1054,
	"sqlMessage": "Unknown column 'lawnCare' in 'field list'",
	"sqlState": "42S22",
	"index": 0,
	"sql": "insert into `REQUESTS` (`ADDRESS`, `CITY`, `CREATED`, `JSON_REQUEST`, `STATE`, `STATE_OF_REQUEST`, `ZIP`) values ('5503 Aniya Turnpike', 'Jaskolskimouth', '2018-03-23 09:52:26.950', `lawnCare` = '[object Object]', 'Rhode Island', 'Not Processed', '19641')"
}
Fri Mar 23 2018 09:54:07 GMT-0500 (CDT) - LOG::: | ERROR ᑀ {
	"name": "DupplicateError",
	"message": "DuplicateError: NAME",
	"field": "NAME"
}
Fri Mar 23 2018 09:54:07 GMT-0500 (CDT) - LOG::: | ERROR ᑀ {
	"code": "ER_BAD_FIELD_ERROR",
	"errno": 1054,
	"sqlMessage": "Unknown column 'lawnCare' in 'field list'",
	"sqlState": "42S22",
	"index": 0,
	"sql": "insert into `REQUESTS` (`ADDRESS`, `CITY`, `CREATED`, `JSON_REQUEST`, `STATE`, `STATE_OF_REQUEST`, `ZIP`) values ('662 Bobby Ridges', 'Elenorberg', '2018-03-23 09:54:07.953', `lawnCare` = '[object Object]', 'Wisconsin', 'Not Processed', '06884')"
}
Fri Mar 23 2018 09:55:07 GMT-0500 (CDT) - LOG::: | ERROR ᑀ {
	"name": "DupplicateError",
	"message": "DuplicateError: NAME",
	"field": "NAME"
}
Fri Mar 23 2018 09:55:07 GMT-0500 (CDT) - LOG::: | ERROR ᑀ {
	"code": "ER_BAD_FIELD_ERROR",
	"errno": 1054,
	"sqlMessage": "Unknown column 'lawnCare' in 'field list'",
	"sqlState": "42S22",
	"index": 0,
	"sql": "insert into `REQUESTS` (`ADDRESS`, `CITY`, `CREATED`, `JSON_REQUEST`, `STATE`, `STATE_OF_REQUEST`, `ZIP`) values ('086 Effertz Rapid', 'Karlberg', '2018-03-23 09:55:07.408', `lawnCare` = '[object Object]', 'Missouri', 'Not Processed', '46021')"
}
Fri Mar 23 2018 09:59:41 GMT-0500 (CDT) - LOG::: | ERROR ᑀ {
	"name": "DupplicateError",
	"message": "DuplicateError: NAME",
	"field": "NAME"
}
Fri Mar 23 2018 10:01:33 GMT-0500 (CDT) - LOG::: | ERROR ᑀ {
	"name": "DupplicateError",
	"message": "DuplicateError: NAME",
	"field": "NAME"
}
